[debug] [2023-12-14T06:41:50.837Z] ----------------------------------------------------------------------
[debug] [2023-12-14T06:41:50.841Z] Command:       C:\Program Files\nodejs\node.exe C:\Users\Gbadebo\AppData\Roaming\npm\node_modules\firebase-tools\lib\bin\firebase.js init
[debug] [2023-12-14T06:41:50.842Z] CLI Version:   13.0.1
[debug] [2023-12-14T06:41:50.843Z] Platform:      win32
[debug] [2023-12-14T06:41:50.843Z] Node Version:  v18.16.1
[debug] [2023-12-14T06:41:50.845Z] Time:          Thu Dec 14 2023 07:41:50 GMT+0100 (West Africa Standard Time)
[debug] [2023-12-14T06:41:50.845Z] ----------------------------------------------------------------------
[debug] 
[debug] [2023-12-14T06:41:50.863Z] > command requires scopes: ["email","openid","https://www.googleapis.com/auth/cloudplatformprojects.readonly","https://www.googleapis.com/auth/firebase","https://www.googleapis.com/auth/cloud-platform"]
[debug] [2023-12-14T06:41:50.864Z] > authorizing via signed-in user (aniadeadu@gmail.com)
[info] 
     ######## #### ########  ######## ########     ###     ######  ########
     ##        ##  ##     ## ##       ##     ##  ##   ##  ##       ##
     ######    ##  ########  ######   ########  #########  ######  ######
     ##        ##  ##    ##  ##       ##     ## ##     ##       ## ##
     ##       #### ##     ## ######## ########  ##     ##  ######  ########

You're about to initialize a Firebase project in this directory:

  C:\Users\Gbadebo\Documents\THE WEB\Projects\React JS\Envoy\envoy

[info] 
=== Project Setup
[info] 
[info] First, let's associate this project directory with a Firebase project.
[info] You can create multiple project aliases by running firebase use --add, 
[info] but for now we'll just set up a default project.
[info] 
[debug] [2023-12-14T06:42:32.460Z] > refreshing access token with scopes: []
[debug] [2023-12-14T06:42:32.465Z] >>> [apiv2][query] POST https://www.googleapis.com/oauth2/v3/token [none]
[debug] [2023-12-14T06:42:32.466Z] >>> [apiv2][body] POST https://www.googleapis.com/oauth2/v3/token [omitted]
[debug] [2023-12-14T06:42:33.402Z] <<< [apiv2][status] POST https://www.googleapis.com/oauth2/v3/token 200
[debug] [2023-12-14T06:42:33.403Z] <<< [apiv2][body] POST https://www.googleapis.com/oauth2/v3/token [omitted]
[debug] [2023-12-14T06:42:33.430Z] >>> [apiv2][query] GET https://firebase.googleapis.com/v1beta1/projects pageSize=100
[debug] [2023-12-14T06:42:35.152Z] <<< [apiv2][status] GET https://firebase.googleapis.com/v1beta1/projects 200
[debug] [2023-12-14T06:42:35.152Z] <<< [apiv2][body] GET https://firebase.googleapis.com/v1beta1/projects [omitted]
[info] i  Using project envoy-14bad (Envoy) 
[info] 
=== Hosting Setup
[debug] [2023-12-14T06:42:43.255Z] >>> [apiv2][query] GET https://firebase.googleapis.com/v1beta1/projects/envoy-14bad [none]
[debug] [2023-12-14T06:42:44.387Z] <<< [apiv2][status] GET https://firebase.googleapis.com/v1beta1/projects/envoy-14bad 200
[debug] [2023-12-14T06:42:44.387Z] <<< [apiv2][body] GET https://firebase.googleapis.com/v1beta1/projects/envoy-14bad {"projectId":"envoy-14bad","projectNumber":"1058138694781","displayName":"Envoy","name":"projects/envoy-14bad","resources":{"hostingSite":"envoy-14bad"},"state":"ACTIVE","etag":"1_80707f08-eca0-4965-b741-677b6ce4ab93"}
[info] 
[info] Your public directory is the folder (relative to your project directory) that
[info] will contain Hosting assets to be uploaded with firebase deploy. If you
[info] have a build process for your assets, use your build's output directory.
[info] 
[debug] [2023-12-14T06:44:24.984Z] >>> [apiv2][query] GET https://www.gstatic.com/firebasejs/releases.json [none]
[debug] [2023-12-14T06:44:25.321Z] <<< [apiv2][status] GET https://www.gstatic.com/firebasejs/releases.json 200
[debug] [2023-12-14T06:44:25.321Z] <<< [apiv2][body] GET https://www.gstatic.com/firebasejs/releases.json {"current":{"version":"10.7.1","browserURL":"https://www.gstatic.com/firebasejs/10.7.1/firebase.js","packageURL":"https://www.gstatic.com/firebasejs/10.7.1/firebase.tgz"},"live":{"version":"10.7","browserURL":"https://www.gstatic.com/firebasejs/live/10.7/firebase.js","packageURL":"https://www.gstatic.com/firebasejs/live/10.7/firebase.tgz"},"components":{"analytics":"https://www.gstatic.com/firebasejs/10.7.1/firebase-analytics.js","app":"https://www.gstatic.com/firebasejs/10.7.1/firebase-app.js","app-check":"https://www.gstatic.com/firebasejs/10.7.1/firebase-app-check.js","auth":"https://www.gstatic.com/firebasejs/10.7.1/firebase-auth.js","auth/cordova":"https://www.gstatic.com/firebasejs/10.7.1/firebase-auth/cordova.js","functions":"https://www.gstatic.com/firebasejs/10.7.1/firebase-functions.js","firestore":"https://www.gstatic.com/firebasejs/10.7.1/firebase-firestore.js","firestore/lite":"https://www.gstatic.com/firebasejs/10.7.1/firebase-firestore/lite.js","installations":"https://www.gstatic.com/firebasejs/10.7.1/firebase-installations.js","storage":"https://www.gstatic.com/firebasejs/10.7.1/firebase-storage.js","performance":"https://www.gstatic.com/firebasejs/10.7.1/firebase-performance.js","remote-config":"https://www.gstatic.com/firebasejs/10.7.1/firebase-remote-config.js","messaging":"https://www.gstatic.com/firebasejs/10.7.1/firebase-messaging.js","messaging/sw":"https://www.gstatic.com/firebasejs/10.7.1/firebase-messaging/sw.js","database":"https://www.gstatic.com/firebasejs/10.7.1/firebase-database.js","firestore.memory":"https://www.gstatic.com/firebasejs/10.7.1/firebase-firestore.memory.js"}}
[debug] [2023-12-14T13:47:22.091Z] ----------------------------------------------------------------------
[debug] [2023-12-14T13:47:22.094Z] Command:       C:\Program Files\nodejs\node.exe C:\Users\Gbadebo\AppData\Roaming\npm\node_modules\firebase-tools\lib\bin\firebase.js init
[debug] [2023-12-14T13:47:22.095Z] CLI Version:   13.0.1
[debug] [2023-12-14T13:47:22.095Z] Platform:      win32
[debug] [2023-12-14T13:47:22.095Z] Node Version:  v18.16.1
[debug] [2023-12-14T13:47:22.097Z] Time:          Thu Dec 14 2023 14:47:22 GMT+0100 (West Africa Standard Time)
[debug] [2023-12-14T13:47:22.097Z] ----------------------------------------------------------------------
[debug] 
[debug] [2023-12-14T13:47:22.126Z] > command requires scopes: ["email","openid","https://www.googleapis.com/auth/cloudplatformprojects.readonly","https://www.googleapis.com/auth/firebase","https://www.googleapis.com/auth/cloud-platform"]
[debug] [2023-12-14T13:47:22.127Z] > authorizing via signed-in user (aniadeadu@gmail.com)
[info] 
     ######## #### ########  ######## ########     ###     ######  ########
     ##        ##  ##     ## ##       ##     ##  ##   ##  ##       ##
     ######    ##  ########  ######   ########  #########  ######  ######
     ##        ##  ##    ##  ##       ##     ## ##     ##       ## ##
     ##       #### ##     ## ######## ########  ##     ##  ######  ########

You're about to initialize a Firebase project in this directory:

  C:\Users\Gbadebo\Documents\THE WEB\Projects\React JS\Envoy\envoy

[info] 
=== Project Setup
[info] 
[info] First, let's associate this project directory with a Firebase project.
[info] You can create multiple project aliases by running firebase use --add, 
[info] but for now we'll just set up a default project.
[info] 
[debug] [2023-12-14T13:48:15.452Z] > refreshing access token with scopes: []
[debug] [2023-12-14T13:48:15.455Z] >>> [apiv2][query] POST https://www.googleapis.com/oauth2/v3/token [none]
[debug] [2023-12-14T13:48:15.455Z] >>> [apiv2][body] POST https://www.googleapis.com/oauth2/v3/token [omitted]
[debug] [2023-12-14T13:48:16.335Z] <<< [apiv2][status] POST https://www.googleapis.com/oauth2/v3/token 200
[debug] [2023-12-14T13:48:16.335Z] <<< [apiv2][body] POST https://www.googleapis.com/oauth2/v3/token [omitted]
[debug] [2023-12-14T13:48:16.360Z] >>> [apiv2][query] GET https://firebase.googleapis.com/v1beta1/projects pageSize=100
[debug] [2023-12-14T13:48:17.694Z] <<< [apiv2][status] GET https://firebase.googleapis.com/v1beta1/projects 200
[debug] [2023-12-14T13:48:17.695Z] <<< [apiv2][body] GET https://firebase.googleapis.com/v1beta1/projects [omitted]
[info] i  Using project envoy-14bad (Envoy) 
[info] 
=== Database Setup
[info] i  database: ensuring required API firebasedatabase.googleapis.com is enabled... 
[debug] [2023-12-14T13:48:19.339Z] >>> [apiv2][query] GET https://serviceusage.googleapis.com/v1/projects/envoy-14bad/services/firebasedatabase.googleapis.com [none]
[debug] [2023-12-14T13:48:19.339Z] >>> [apiv2][(partial)header] GET https://serviceusage.googleapis.com/v1/projects/envoy-14bad/services/firebasedatabase.googleapis.com x-goog-quota-user=projects/envoy-14bad
[debug] [2023-12-14T13:48:21.712Z] <<< [apiv2][status] GET https://serviceusage.googleapis.com/v1/projects/envoy-14bad/services/firebasedatabase.googleapis.com 200
[debug] [2023-12-14T13:48:21.713Z] <<< [apiv2][body] GET https://serviceusage.googleapis.com/v1/projects/envoy-14bad/services/firebasedatabase.googleapis.com [omitted]
[warn] !  database: missing required API firebasedatabase.googleapis.com. Enabling now... 
[debug] [2023-12-14T13:48:21.713Z] >>> [apiv2][query] POST https://serviceusage.googleapis.com/v1/projects/envoy-14bad/services/firebasedatabase.googleapis.com:enable [none]
[debug] [2023-12-14T13:48:21.714Z] >>> [apiv2][(partial)header] POST https://serviceusage.googleapis.com/v1/projects/envoy-14bad/services/firebasedatabase.googleapis.com:enable x-goog-quota-user=projects/envoy-14bad
[debug] [2023-12-14T13:48:24.902Z] <<< [apiv2][status] POST https://serviceusage.googleapis.com/v1/projects/envoy-14bad/services/firebasedatabase.googleapis.com:enable 200
[debug] [2023-12-14T13:48:24.902Z] <<< [apiv2][body] POST https://serviceusage.googleapis.com/v1/projects/envoy-14bad/services/firebasedatabase.googleapis.com:enable [omitted]
[debug] [2023-12-14T13:48:34.913Z] >>> [apiv2][query] GET https://serviceusage.googleapis.com/v1/projects/envoy-14bad/services/firebasedatabase.googleapis.com [none]
[debug] [2023-12-14T13:48:34.914Z] >>> [apiv2][(partial)header] GET https://serviceusage.googleapis.com/v1/projects/envoy-14bad/services/firebasedatabase.googleapis.com x-goog-quota-user=projects/envoy-14bad
[debug] [2023-12-14T13:48:37.429Z] <<< [apiv2][status] GET https://serviceusage.googleapis.com/v1/projects/envoy-14bad/services/firebasedatabase.googleapis.com 200
[debug] [2023-12-14T13:48:37.430Z] <<< [apiv2][body] GET https://serviceusage.googleapis.com/v1/projects/envoy-14bad/services/firebasedatabase.googleapis.com [omitted]
[info] +  database: required API firebasedatabase.googleapis.com is enabled 
[info] 
[debug] [2023-12-14T13:48:37.437Z] >>> [apiv2][query] GET https://firebase.googleapis.com/v1beta1/projects/envoy-14bad [none]
[debug] [2023-12-14T13:48:38.286Z] <<< [apiv2][status] GET https://firebase.googleapis.com/v1beta1/projects/envoy-14bad 200
[debug] [2023-12-14T13:48:38.287Z] <<< [apiv2][body] GET https://firebase.googleapis.com/v1beta1/projects/envoy-14bad {"projectId":"envoy-14bad","projectNumber":"1058138694781","displayName":"Envoy","name":"projects/envoy-14bad","resources":{"hostingSite":"envoy-14bad"},"state":"ACTIVE","etag":"1_80707f08-eca0-4965-b741-677b6ce4ab93"}
[info] 
[info] Firebase Realtime Database Security Rules allow you to define how your data should be
[info] structured and when your data can be read from and written to.
[info] 
